<?xml version="1.0" encoding="UTF-8"?>
<testsuite xmlns:xsi="http://www.w3.org/2001/XMLSchema-instance" xsi:noNamespaceSchemaLocation="https://maven.apache.org/surefire/maven-surefire-plugin/xsd/surefire-test-report.xsd" name="com.example.demo.KafkaToSolrApplicationTests" time="18.227" tests="1" errors="0" skipped="0" failures="0">
  <properties>
    <property name="sun.desktop" value="gnome"/>
    <property name="awt.toolkit" value="sun.awt.X11.XToolkit"/>
    <property name="java.specification.version" value="11"/>
    <property name="sun.cpu.isalist" value=""/>
    <property name="sun.jnu.encoding" value="UTF-8"/>
    <property name="java.class.path" value="/home/sikorski/Документы/kafka_container/Spring-Kafka-POC-CVE-2023-34040-main/KafkaToSolr/target/test-classes:/home/sikorski/Документы/kafka_container/Spring-Kafka-POC-CVE-2023-34040-main/KafkaToSolr/target/classes:/home/sikorski/.m2/repository/org/springframework/boot/spring-boot-starter-web/2.7.5/spring-boot-starter-web-2.7.5.jar:/home/sikorski/.m2/repository/org/springframework/boot/spring-boot-starter/2.7.5/spring-boot-starter-2.7.5.jar:/home/sikorski/.m2/repository/org/springframework/boot/spring-boot/2.7.5/spring-boot-2.7.5.jar:/home/sikorski/.m2/repository/org/springframework/boot/spring-boot-autoconfigure/2.7.5/spring-boot-autoconfigure-2.7.5.jar:/home/sikorski/.m2/repository/org/springframework/boot/spring-boot-starter-logging/2.7.5/spring-boot-starter-logging-2.7.5.jar:/home/sikorski/.m2/repository/ch/qos/logback/logback-classic/1.2.11/logback-classic-1.2.11.jar:/home/sikorski/.m2/repository/ch/qos/logback/logback-core/1.2.11/logback-core-1.2.11.jar:/home/sikorski/.m2/repository/org/apache/logging/log4j/log4j-to-slf4j/2.17.2/log4j-to-slf4j-2.17.2.jar:/home/sikorski/.m2/repository/org/slf4j/jul-to-slf4j/1.7.36/jul-to-slf4j-1.7.36.jar:/home/sikorski/.m2/repository/jakarta/annotation/jakarta.annotation-api/1.3.5/jakarta.annotation-api-1.3.5.jar:/home/sikorski/.m2/repository/org/yaml/snakeyaml/1.30/snakeyaml-1.30.jar:/home/sikorski/.m2/repository/org/springframework/boot/spring-boot-starter-json/2.7.5/spring-boot-starter-json-2.7.5.jar:/home/sikorski/.m2/repository/com/fasterxml/jackson/datatype/jackson-datatype-jdk8/2.13.4/jackson-datatype-jdk8-2.13.4.jar:/home/sikorski/.m2/repository/com/fasterxml/jackson/datatype/jackson-datatype-jsr310/2.13.4/jackson-datatype-jsr310-2.13.4.jar:/home/sikorski/.m2/repository/com/fasterxml/jackson/module/jackson-module-parameter-names/2.13.4/jackson-module-parameter-names-2.13.4.jar:/home/sikorski/.m2/repository/org/springframework/boot/spring-boot-starter-tomcat/2.7.5/spring-boot-starter-tomcat-2.7.5.jar:/home/sikorski/.m2/repository/org/apache/tomcat/embed/tomcat-embed-core/9.0.68/tomcat-embed-core-9.0.68.jar:/home/sikorski/.m2/repository/org/apache/tomcat/embed/tomcat-embed-el/9.0.68/tomcat-embed-el-9.0.68.jar:/home/sikorski/.m2/repository/org/apache/tomcat/embed/tomcat-embed-websocket/9.0.68/tomcat-embed-websocket-9.0.68.jar:/home/sikorski/.m2/repository/org/springframework/spring-web/5.3.23/spring-web-5.3.23.jar:/home/sikorski/.m2/repository/org/springframework/spring-beans/5.3.23/spring-beans-5.3.23.jar:/home/sikorski/.m2/repository/org/springframework/spring-webmvc/5.3.23/spring-webmvc-5.3.23.jar:/home/sikorski/.m2/repository/org/springframework/spring-aop/5.3.23/spring-aop-5.3.23.jar:/home/sikorski/.m2/repository/org/springframework/spring-expression/5.3.23/spring-expression-5.3.23.jar:/home/sikorski/.m2/repository/org/springframework/kafka/spring-kafka/2.8.10/spring-kafka-2.8.10.jar:/home/sikorski/.m2/repository/org/springframework/spring-context/5.3.23/spring-context-5.3.23.jar:/home/sikorski/.m2/repository/org/springframework/spring-messaging/5.3.23/spring-messaging-5.3.23.jar:/home/sikorski/.m2/repository/org/springframework/spring-tx/5.3.23/spring-tx-5.3.23.jar:/home/sikorski/.m2/repository/org/springframework/retry/spring-retry/1.3.4/spring-retry-1.3.4.jar:/home/sikorski/.m2/repository/org/apache/kafka/kafka-clients/3.1.2/kafka-clients-3.1.2.jar:/home/sikorski/.m2/repository/com/github/luben/zstd-jni/1.5.0-4/zstd-jni-1.5.0-4.jar:/home/sikorski/.m2/repository/org/lz4/lz4-java/1.8.0/lz4-java-1.8.0.jar:/home/sikorski/.m2/repository/com/google/code/findbugs/jsr305/3.0.2/jsr305-3.0.2.jar:/home/sikorski/.m2/repository/org/springframework/data/spring-data-solr/4.3.15/spring-data-solr-4.3.15.jar:/home/sikorski/.m2/repository/org/springframework/data/spring-data-commons/2.7.5/spring-data-commons-2.7.5.jar:/home/sikorski/.m2/repository/org/apache/commons/commons-lang3/3.12.0/commons-lang3-3.12.0.jar:/home/sikorski/.m2/repository/org/apache/solr/solr-solrj/8.11.2/solr-solrj-8.11.2.jar:/home/sikorski/.m2/repository/com/fasterxml/woodstox/woodstox-core/6.2.4/woodstox-core-6.2.4.jar:/home/sikorski/.m2/repository/com/fasterxml/jackson/core/jackson-databind/2.13.4.2/jackson-databind-2.13.4.2.jar:/home/sikorski/.m2/repository/org/slf4j/slf4j-api/1.7.36/slf4j-api-1.7.36.jar:/home/sikorski/.m2/repository/org/apache/solr/solr-core/8.8.1/solr-core-8.8.1.jar:/home/sikorski/.m2/repository/org/apache/lucene/lucene-analyzers-common/8.8.1/lucene-analyzers-common-8.8.1.jar:/home/sikorski/.m2/repository/org/apache/lucene/lucene-analyzers-kuromoji/8.8.1/lucene-analyzers-kuromoji-8.8.1.jar:/home/sikorski/.m2/repository/org/apache/lucene/lucene-analyzers-nori/8.8.1/lucene-analyzers-nori-8.8.1.jar:/home/sikorski/.m2/repository/org/apache/lucene/lucene-analyzers-phonetic/8.8.1/lucene-analyzers-phonetic-8.8.1.jar:/home/sikorski/.m2/repository/org/apache/lucene/lucene-backward-codecs/8.8.1/lucene-backward-codecs-8.8.1.jar:/home/sikorski/.m2/repository/org/apache/lucene/lucene-classification/8.8.1/lucene-classification-8.8.1.jar:/home/sikorski/.m2/repository/org/apache/lucene/lucene-codecs/8.8.1/lucene-codecs-8.8.1.jar:/home/sikorski/.m2/repository/org/apache/lucene/lucene-core/8.8.1/lucene-core-8.8.1.jar:/home/sikorski/.m2/repository/org/apache/lucene/lucene-expressions/8.8.1/lucene-expressions-8.8.1.jar:/home/sikorski/.m2/repository/org/apache/lucene/lucene-grouping/8.8.1/lucene-grouping-8.8.1.jar:/home/sikorski/.m2/repository/org/apache/lucene/lucene-highlighter/8.8.1/lucene-highlighter-8.8.1.jar:/home/sikorski/.m2/repository/org/apache/lucene/lucene-join/8.8.1/lucene-join-8.8.1.jar:/home/sikorski/.m2/repository/org/apache/lucene/lucene-memory/8.8.1/lucene-memory-8.8.1.jar:/home/sikorski/.m2/repository/org/apache/lucene/lucene-misc/8.8.1/lucene-misc-8.8.1.jar:/home/sikorski/.m2/repository/org/apache/lucene/lucene-queries/8.8.1/lucene-queries-8.8.1.jar:/home/sikorski/.m2/repository/org/apache/lucene/lucene-queryparser/8.8.1/lucene-queryparser-8.8.1.jar:/home/sikorski/.m2/repository/org/apache/lucene/lucene-sandbox/8.8.1/lucene-sandbox-8.8.1.jar:/home/sikorski/.m2/repository/org/apache/lucene/lucene-spatial-extras/8.8.1/lucene-spatial-extras-8.8.1.jar:/home/sikorski/.m2/repository/org/apache/lucene/lucene-spatial3d/8.8.1/lucene-spatial3d-8.8.1.jar:/home/sikorski/.m2/repository/org/apache/lucene/lucene-suggest/8.8.1/lucene-suggest-8.8.1.jar:/home/sikorski/.m2/repository/com/carrotsearch/hppc/0.8.1/hppc-0.8.1.jar:/home/sikorski/.m2/repository/com/fasterxml/jackson/core/jackson-annotations/2.13.4/jackson-annotations-2.13.4.jar:/home/sikorski/.m2/repository/com/fasterxml/jackson/core/jackson-core/2.13.4/jackson-core-2.13.4.jar:/home/sikorski/.m2/repository/com/fasterxml/jackson/dataformat/jackson-dataformat-smile/2.13.4/jackson-dataformat-smile-2.13.4.jar:/home/sikorski/.m2/repository/com/github/ben-manes/caffeine/caffeine/2.9.3/caffeine-2.9.3.jar:/home/sikorski/.m2/repository/com/github/zafarkhaja/java-semver/0.9.0/java-semver-0.9.0.jar:/home/sikorski/.m2/repository/com/google/guava/guava/25.1-jre/guava-25.1-jre.jar:/home/sikorski/.m2/repository/com/google/protobuf/protobuf-java/3.11.0/protobuf-java-3.11.0.jar:/home/sikorski/.m2/repository/com/google/re2j/re2j/1.2/re2j-1.2.jar:/home/sikorski/.m2/repository/com/jayway/jsonpath/json-path/2.7.0/json-path-2.7.0.jar:/home/sikorski/.m2/repository/com/lmax/disruptor/3.4.2/disruptor-3.4.2.jar:/home/sikorski/.m2/repository/com/tdunning/t-digest/3.1/t-digest-3.1.jar:/home/sikorski/.m2/repository/commons-cli/commons-cli/1.4/commons-cli-1.4.jar:/home/sikorski/.m2/repository/commons-codec/commons-codec/1.15/commons-codec-1.15.jar:/home/sikorski/.m2/repository/commons-collections/commons-collections/3.2.2/commons-collections-3.2.2.jar:/home/sikorski/.m2/repository/commons-io/commons-io/2.8.0/commons-io-2.8.0.jar:/home/sikorski/.m2/repository/commons-lang/commons-lang/2.6/commons-lang-2.6.jar:/home/sikorski/.m2/repository/io/dropwizard/metrics/metrics-core/4.2.12/metrics-core-4.2.12.jar:/home/sikorski/.m2/repository/io/dropwizard/metrics/metrics-graphite/4.2.12/metrics-graphite-4.2.12.jar:/home/sikorski/.m2/repository/io/dropwizard/metrics/metrics-jetty9/4.2.12/metrics-jetty9-4.2.12.jar:/home/sikorski/.m2/repository/io/dropwizard/metrics/metrics-jmx/4.2.12/metrics-jmx-4.2.12.jar:/home/sikorski/.m2/repository/io/dropwizard/metrics/metrics-jvm/4.2.12/metrics-jvm-4.2.12.jar:/home/sikorski/.m2/repository/io/netty/netty-buffer/4.1.84.Final/netty-buffer-4.1.84.Final.jar:/home/sikorski/.m2/repository/io/netty/netty-codec/4.1.84.Final/netty-codec-4.1.84.Final.jar:/home/sikorski/.m2/repository/io/netty/netty-common/4.1.84.Final/netty-common-4.1.84.Final.jar:/home/sikorski/.m2/repository/io/netty/netty-handler/4.1.84.Final/netty-handler-4.1.84.Final.jar:/home/sikorski/.m2/repository/io/netty/netty-resolver/4.1.84.Final/netty-resolver-4.1.84.Final.jar:/home/sikorski/.m2/repository/io/netty/netty-transport/4.1.84.Final/netty-transport-4.1.84.Final.jar:/home/sikorski/.m2/repository/io/netty/netty-transport-native-epoll/4.1.84.Final/netty-transport-native-epoll-4.1.84.Final.jar:/home/sikorski/.m2/repository/io/netty/netty-transport-classes-epoll/4.1.84.Final/netty-transport-classes-epoll-4.1.84.Final.jar:/home/sikorski/.m2/repository/io/netty/netty-transport-native-unix-common/4.1.84.Final/netty-transport-native-unix-common-4.1.84.Final.jar:/home/sikorski/.m2/repository/io/opentracing/opentracing-api/0.33.0/opentracing-api-0.33.0.jar:/home/sikorski/.m2/repository/io/opentracing/opentracing-noop/0.33.0/opentracing-noop-0.33.0.jar:/home/sikorski/.m2/repository/io/opentracing/opentracing-util/0.33.0/opentracing-util-0.33.0.jar:/home/sikorski/.m2/repository/io/sgr/s2-geometry-library-java/1.0.0/s2-geometry-library-java-1.0.0.jar:/home/sikorski/.m2/repository/javax/servlet/javax.servlet-api/4.0.1/javax.servlet-api-4.0.1.jar:/home/sikorski/.m2/repository/net/hydromatic/eigenbase-properties/1.1.5/eigenbase-properties-1.1.5.jar:/home/sikorski/.m2/repository/org/antlr/antlr4-runtime/4.5.1-1/antlr4-runtime-4.5.1-1.jar:/home/sikorski/.m2/repository/org/apache/calcite/calcite-core/1.18.0/calcite-core-1.18.0.jar:/home/sikorski/.m2/repository/org/apache/calcite/calcite-linq4j/1.18.0/calcite-linq4j-1.18.0.jar:/home/sikorski/.m2/repository/org/apache/calcite/avatica/avatica-core/1.13.0/avatica-core-1.13.0.jar:/home/sikorski/.m2/repository/org/apache/commons/commons-collections4/4.4/commons-collections4-4.4.jar:/home/sikorski/.m2/repository/org/apache/commons/commons-configuration2/2.1.1/commons-configuration2-2.1.1.jar:/home/sikorski/.m2/repository/org/apache/commons/commons-exec/1.3/commons-exec-1.3.jar:/home/sikorski/.m2/repository/org/apache/commons/commons-math3/3.6.1/commons-math3-3.6.1.jar:/home/sikorski/.m2/repository/org/apache/commons/commons-text/1.6/commons-text-1.6.jar:/home/sikorski/.m2/repository/org/apache/curator/curator-client/2.13.0/curator-client-2.13.0.jar:/home/sikorski/.m2/repository/org/apache/curator/curator-framework/2.13.0/curator-framework-2.13.0.jar:/home/sikorski/.m2/repository/org/apache/curator/curator-recipes/2.13.0/curator-recipes-2.13.0.jar:/home/sikorski/.m2/repository/org/apache/hadoop/hadoop-annotations/3.2.0/hadoop-annotations-3.2.0.jar:/home/sikorski/.m2/repository/org/apache/hadoop/hadoop-auth/3.2.0/hadoop-auth-3.2.0.jar:/home/sikorski/.m2/repository/org/apache/hadoop/hadoop-common/3.2.0/hadoop-common-3.2.0.jar:/home/sikorski/.m2/repository/org/apache/hadoop/hadoop-hdfs-client/3.2.0/hadoop-hdfs-client-3.2.0.jar:/home/sikorski/.m2/repository/org/apache/htrace/htrace-core4/4.1.0-incubating/htrace-core4-4.1.0-incubating.jar:/home/sikorski/.m2/repository/org/apache/httpcomponents/httpclient/4.5.13/httpclient-4.5.13.jar:/home/sikorski/.m2/repository/org/apache/httpcomponents/httpcore/4.4.15/httpcore-4.4.15.jar:/home/sikorski/.m2/repository/org/apache/httpcomponents/httpmime/4.5.13/httpmime-4.5.13.jar:/home/sikorski/.m2/repository/org/apache/kerby/kerb-core/1.0.1/kerb-core-1.0.1.jar:/home/sikorski/.m2/repository/org/apache/kerby/kerb-util/1.0.1/kerb-util-1.0.1.jar:/home/sikorski/.m2/repository/org/apache/kerby/kerby-asn1/1.0.1/kerby-asn1-1.0.1.jar:/home/sikorski/.m2/repository/org/apache/kerby/kerby-pkix/1.0.1/kerby-pkix-1.0.1.jar:/home/sikorski/.m2/repository/org/apache/logging/log4j/log4j-1.2-api/2.17.2/log4j-1.2-api-2.17.2.jar:/home/sikorski/.m2/repository/org/apache/logging/log4j/log4j-api/2.17.2/log4j-api-2.17.2.jar:/home/sikorski/.m2/repository/org/apache/logging/log4j/log4j-core/2.17.2/log4j-core-2.17.2.jar:/home/sikorski/.m2/repository/org/apache/logging/log4j/log4j-slf4j-impl/2.17.2/log4j-slf4j-impl-2.17.2.jar:/home/sikorski/.m2/repository/org/apache/logging/log4j/log4j-web/2.17.2/log4j-web-2.17.2.jar:/home/sikorski/.m2/repository/org/apache/zookeeper/zookeeper/3.6.2/zookeeper-3.6.2.jar:/home/sikorski/.m2/repository/org/apache/zookeeper/zookeeper-jute/3.6.2/zookeeper-jute-3.6.2.jar:/home/sikorski/.m2/repository/org/bitbucket/b_c/jose4j/0.6.5/jose4j-0.6.5.jar:/home/sikorski/.m2/repository/org/codehaus/janino/commons-compiler/3.1.8/commons-compiler-3.1.8.jar:/home/sikorski/.m2/repository/org/codehaus/janino/janino/3.1.8/janino-3.1.8.jar:/home/sikorski/.m2/repository/org/codehaus/woodstox/stax2-api/3.1.4/stax2-api-3.1.4.jar:/home/sikorski/.m2/repository/org/codehaus/woodstox/woodstox-core-asl/4.4.1/woodstox-core-asl-4.4.1.jar:/home/sikorski/.m2/repository/org/eclipse/jetty/jetty-alpn-client/9.4.49.v20220914/jetty-alpn-client-9.4.49.v20220914.jar:/home/sikorski/.m2/repository/org/eclipse/jetty/jetty-alpn-java-client/9.4.49.v20220914/jetty-alpn-java-client-9.4.49.v20220914.jar:/home/sikorski/.m2/repository/org/eclipse/jetty/jetty-alpn-java-server/9.4.49.v20220914/jetty-alpn-java-server-9.4.49.v20220914.jar:/home/sikorski/.m2/repository/org/eclipse/jetty/jetty-alpn-server/9.4.49.v20220914/jetty-alpn-server-9.4.49.v20220914.jar:/home/sikorski/.m2/repository/org/eclipse/jetty/jetty-client/9.4.49.v20220914/jetty-client-9.4.49.v20220914.jar:/home/sikorski/.m2/repository/org/eclipse/jetty/jetty-continuation/9.4.49.v20220914/jetty-continuation-9.4.49.v20220914.jar:/home/sikorski/.m2/repository/org/eclipse/jetty/jetty-deploy/9.4.49.v20220914/jetty-deploy-9.4.49.v20220914.jar:/home/sikorski/.m2/repository/org/eclipse/jetty/jetty-http/9.4.49.v20220914/jetty-http-9.4.49.v20220914.jar:/home/sikorski/.m2/repository/org/eclipse/jetty/jetty-io/9.4.49.v20220914/jetty-io-9.4.49.v20220914.jar:/home/sikorski/.m2/repository/org/eclipse/jetty/jetty-jmx/9.4.49.v20220914/jetty-jmx-9.4.49.v20220914.jar:/home/sikorski/.m2/repository/org/eclipse/jetty/jetty-rewrite/9.4.49.v20220914/jetty-rewrite-9.4.49.v20220914.jar:/home/sikorski/.m2/repository/org/eclipse/jetty/jetty-security/9.4.49.v20220914/jetty-security-9.4.49.v20220914.jar:/home/sikorski/.m2/repository/org/eclipse/jetty/jetty-server/9.4.49.v20220914/jetty-server-9.4.49.v20220914.jar:/home/sikorski/.m2/repository/org/eclipse/jetty/jetty-servlet/9.4.49.v20220914/jetty-servlet-9.4.49.v20220914.jar:/home/sikorski/.m2/repository/org/eclipse/jetty/jetty-util-ajax/9.4.49.v20220914/jetty-util-ajax-9.4.49.v20220914.jar:/home/sikorski/.m2/repository/org/eclipse/jetty/jetty-servlets/9.4.49.v20220914/jetty-servlets-9.4.49.v20220914.jar:/home/sikorski/.m2/repository/org/eclipse/jetty/jetty-util/9.4.49.v20220914/jetty-util-9.4.49.v20220914.jar:/home/sikorski/.m2/repository/org/eclipse/jetty/jetty-webapp/9.4.49.v20220914/jetty-webapp-9.4.49.v20220914.jar:/home/sikorski/.m2/repository/org/eclipse/jetty/jetty-xml/9.4.49.v20220914/jetty-xml-9.4.49.v20220914.jar:/home/sikorski/.m2/repository/org/eclipse/jetty/http2/http2-client/9.4.49.v20220914/http2-client-9.4.49.v20220914.jar:/home/sikorski/.m2/repository/org/eclipse/jetty/http2/http2-common/9.4.49.v20220914/http2-common-9.4.49.v20220914.jar:/home/sikorski/.m2/repository/org/eclipse/jetty/http2/http2-hpack/9.4.49.v20220914/http2-hpack-9.4.49.v20220914.jar:/home/sikorski/.m2/repository/org/eclipse/jetty/http2/http2-http-client-transport/9.4.49.v20220914/http2-http-client-transport-9.4.49.v20220914.jar:/home/sikorski/.m2/repository/org/eclipse/jetty/http2/http2-server/9.4.49.v20220914/http2-server-9.4.49.v20220914.jar:/home/sikorski/.m2/repository/org/locationtech/spatial4j/spatial4j/0.7/spatial4j-0.7.jar:/home/sikorski/.m2/repository/org/ow2/asm/asm/8.0.1/asm-8.0.1.jar:/home/sikorski/.m2/repository/org/ow2/asm/asm-commons/8.0.1/asm-commons-8.0.1.jar:/home/sikorski/.m2/repository/org/rrd4j/rrd4j/3.5/rrd4j-3.5.jar:/home/sikorski/.m2/repository/org/slf4j/jcl-over-slf4j/1.7.36/jcl-over-slf4j-1.7.36.jar:/home/sikorski/.m2/repository/org/xerial/snappy/snappy-java/1.1.7.6/snappy-java-1.1.7.6.jar:/home/sikorski/.m2/repository/org/json/json/20210307/json-20210307.jar:/home/sikorski/.m2/repository/org/springframework/boot/spring-boot-starter-test/2.7.5/spring-boot-starter-test-2.7.5.jar:/home/sikorski/.m2/repository/org/springframework/boot/spring-boot-test/2.7.5/spring-boot-test-2.7.5.jar:/home/sikorski/.m2/repository/org/springframework/boot/spring-boot-test-autoconfigure/2.7.5/spring-boot-test-autoconfigure-2.7.5.jar:/home/sikorski/.m2/repository/jakarta/xml/bind/jakarta.xml.bind-api/2.3.3/jakarta.xml.bind-api-2.3.3.jar:/home/sikorski/.m2/repository/jakarta/activation/jakarta.activation-api/1.2.2/jakarta.activation-api-1.2.2.jar:/home/sikorski/.m2/repository/org/assertj/assertj-core/3.22.0/assertj-core-3.22.0.jar:/home/sikorski/.m2/repository/org/hamcrest/hamcrest/2.2/hamcrest-2.2.jar:/home/sikorski/.m2/repository/org/junit/jupiter/junit-jupiter/5.8.2/junit-jupiter-5.8.2.jar:/home/sikorski/.m2/repository/org/junit/jupiter/junit-jupiter-params/5.8.2/junit-jupiter-params-5.8.2.jar:/home/sikorski/.m2/repository/org/junit/jupiter/junit-jupiter-engine/5.8.2/junit-jupiter-engine-5.8.2.jar:/home/sikorski/.m2/repository/org/junit/platform/junit-platform-engine/1.8.2/junit-platform-engine-1.8.2.jar:/home/sikorski/.m2/repository/org/mockito/mockito-core/4.5.1/mockito-core-4.5.1.jar:/home/sikorski/.m2/repository/net/bytebuddy/byte-buddy/1.12.18/byte-buddy-1.12.18.jar:/home/sikorski/.m2/repository/net/bytebuddy/byte-buddy-agent/1.12.18/byte-buddy-agent-1.12.18.jar:/home/sikorski/.m2/repository/org/objenesis/objenesis/3.2/objenesis-3.2.jar:/home/sikorski/.m2/repository/org/mockito/mockito-junit-jupiter/4.5.1/mockito-junit-jupiter-4.5.1.jar:/home/sikorski/.m2/repository/org/skyscreamer/jsonassert/1.5.1/jsonassert-1.5.1.jar:/home/sikorski/.m2/repository/com/vaadin/external/google/android-json/0.0.20131108.vaadin1/android-json-0.0.20131108.vaadin1.jar:/home/sikorski/.m2/repository/org/springframework/spring-core/5.3.23/spring-core-5.3.23.jar:/home/sikorski/.m2/repository/org/springframework/spring-jcl/5.3.23/spring-jcl-5.3.23.jar:/home/sikorski/.m2/repository/org/springframework/spring-test/5.3.23/spring-test-5.3.23.jar:/home/sikorski/.m2/repository/org/xmlunit/xmlunit-core/2.9.0/xmlunit-core-2.9.0.jar:/home/sikorski/.m2/repository/org/springframework/kafka/spring-kafka-test/2.8.10/spring-kafka-test-2.8.10.jar:/home/sikorski/.m2/repository/org/apache/kafka/kafka-clients/3.1.2/kafka-clients-3.1.2-test.jar:/home/sikorski/.m2/repository/org/apache/kafka/kafka-metadata/3.1.2/kafka-metadata-3.1.2.jar:/home/sikorski/.m2/repository/org/apache/kafka/kafka-server-common/3.1.2/kafka-server-common-3.1.2.jar:/home/sikorski/.m2/repository/org/apache/kafka/kafka-raft/3.1.2/kafka-raft-3.1.2.jar:/home/sikorski/.m2/repository/com/yammer/metrics/metrics-core/2.2.0/metrics-core-2.2.0.jar:/home/sikorski/.m2/repository/org/apache/kafka/kafka-streams-test-utils/3.1.2/kafka-streams-test-utils-3.1.2.jar:/home/sikorski/.m2/repository/org/apache/kafka/kafka-streams/3.1.2/kafka-streams-3.1.2.jar:/home/sikorski/.m2/repository/org/rocksdb/rocksdbjni/6.22.1.1/rocksdbjni-6.22.1.1.jar:/home/sikorski/.m2/repository/org/apache/kafka/kafka_2.13/3.1.2/kafka_2.13-3.1.2.jar:/home/sikorski/.m2/repository/org/scala-lang/scala-library/2.13.6/scala-library-2.13.6.jar:/home/sikorski/.m2/repository/org/apache/kafka/kafka-storage/3.1.2/kafka-storage-3.1.2.jar:/home/sikorski/.m2/repository/org/apache/kafka/kafka-storage-api/3.1.2/kafka-storage-api-3.1.2.jar:/home/sikorski/.m2/repository/net/sourceforge/argparse4j/argparse4j/0.7.0/argparse4j-0.7.0.jar:/home/sikorski/.m2/repository/com/fasterxml/jackson/module/jackson-module-scala_2.13/2.13.4/jackson-module-scala_2.13-2.13.4.jar:/home/sikorski/.m2/repository/com/thoughtworks/paranamer/paranamer/2.8/paranamer-2.8.jar:/home/sikorski/.m2/repository/com/fasterxml/jackson/dataformat/jackson-dataformat-csv/2.13.4/jackson-dataformat-csv-2.13.4.jar:/home/sikorski/.m2/repository/net/sf/jopt-simple/jopt-simple/5.0.4/jopt-simple-5.0.4.jar:/home/sikorski/.m2/repository/org/scala-lang/modules/scala-collection-compat_2.13/2.4.4/scala-collection-compat_2.13-2.4.4.jar:/home/sikorski/.m2/repository/org/scala-lang/modules/scala-java8-compat_2.13/1.0.0/scala-java8-compat_2.13-1.0.0.jar:/home/sikorski/.m2/repository/org/scala-lang/scala-reflect/2.13.6/scala-reflect-2.13.6.jar:/home/sikorski/.m2/repository/com/typesafe/scala-logging/scala-logging_2.13/3.9.3/scala-logging_2.13-3.9.3.jar:/home/sikorski/.m2/repository/org/apache/kafka/kafka_2.13/3.1.2/kafka_2.13-3.1.2-test.jar:/home/sikorski/.m2/repository/org/junit/jupiter/junit-jupiter-api/5.8.2/junit-jupiter-api-5.8.2.jar:/home/sikorski/.m2/repository/org/opentest4j/opentest4j/1.2.0/opentest4j-1.2.0.jar:/home/sikorski/.m2/repository/org/junit/platform/junit-platform-commons/1.8.2/junit-platform-commons-1.8.2.jar:/home/sikorski/.m2/repository/org/apiguardian/apiguardian-api/1.1.2/apiguardian-api-1.1.2.jar:"/>
    <property name="java.vm.vendor" value="Debian"/>
    <property name="sun.arch.data.model" value="64"/>
    <property name="java.vendor.url" value="https://tracker.debian.org/openjdk-11"/>
    <property name="user.timezone" value=""/>
    <property name="java.vm.specification.version" value="11"/>
    <property name="os.name" value="Linux"/>
    <property name="sun.java.launcher" value="SUN_STANDARD"/>
    <property name="user.country" value="RU"/>
    <property name="sun.boot.library.path" value="/usr/lib/jvm/java-11-openjdk-amd64/lib"/>
    <property name="sun.java.command" value="/home/sikorski/Документы/kafka_container/Spring-Kafka-POC-CVE-2023-34040-main/KafkaToSolr/target/surefire/surefirebooter1570405025231827054.jar /home/sikorski/Документы/kafka_container/Spring-Kafka-POC-CVE-2023-34040-main/KafkaToSolr/target/surefire 2024-01-19T14-07-42_954-jvmRun1 surefire4158636624105702668tmp surefire_03398640755088647468tmp"/>
    <property name="jdk.debug" value="release"/>
    <property name="surefire.test.class.path" value="/home/sikorski/Документы/kafka_container/Spring-Kafka-POC-CVE-2023-34040-main/KafkaToSolr/target/test-classes:/home/sikorski/Документы/kafka_container/Spring-Kafka-POC-CVE-2023-34040-main/KafkaToSolr/target/classes:/home/sikorski/.m2/repository/org/springframework/boot/spring-boot-starter-web/2.7.5/spring-boot-starter-web-2.7.5.jar:/home/sikorski/.m2/repository/org/springframework/boot/spring-boot-starter/2.7.5/spring-boot-starter-2.7.5.jar:/home/sikorski/.m2/repository/org/springframework/boot/spring-boot/2.7.5/spring-boot-2.7.5.jar:/home/sikorski/.m2/repository/org/springframework/boot/spring-boot-autoconfigure/2.7.5/spring-boot-autoconfigure-2.7.5.jar:/home/sikorski/.m2/repository/org/springframework/boot/spring-boot-starter-logging/2.7.5/spring-boot-starter-logging-2.7.5.jar:/home/sikorski/.m2/repository/ch/qos/logback/logback-classic/1.2.11/logback-classic-1.2.11.jar:/home/sikorski/.m2/repository/ch/qos/logback/logback-core/1.2.11/logback-core-1.2.11.jar:/home/sikorski/.m2/repository/org/apache/logging/log4j/log4j-to-slf4j/2.17.2/log4j-to-slf4j-2.17.2.jar:/home/sikorski/.m2/repository/org/slf4j/jul-to-slf4j/1.7.36/jul-to-slf4j-1.7.36.jar:/home/sikorski/.m2/repository/jakarta/annotation/jakarta.annotation-api/1.3.5/jakarta.annotation-api-1.3.5.jar:/home/sikorski/.m2/repository/org/yaml/snakeyaml/1.30/snakeyaml-1.30.jar:/home/sikorski/.m2/repository/org/springframework/boot/spring-boot-starter-json/2.7.5/spring-boot-starter-json-2.7.5.jar:/home/sikorski/.m2/repository/com/fasterxml/jackson/datatype/jackson-datatype-jdk8/2.13.4/jackson-datatype-jdk8-2.13.4.jar:/home/sikorski/.m2/repository/com/fasterxml/jackson/datatype/jackson-datatype-jsr310/2.13.4/jackson-datatype-jsr310-2.13.4.jar:/home/sikorski/.m2/repository/com/fasterxml/jackson/module/jackson-module-parameter-names/2.13.4/jackson-module-parameter-names-2.13.4.jar:/home/sikorski/.m2/repository/org/springframework/boot/spring-boot-starter-tomcat/2.7.5/spring-boot-starter-tomcat-2.7.5.jar:/home/sikorski/.m2/repository/org/apache/tomcat/embed/tomcat-embed-core/9.0.68/tomcat-embed-core-9.0.68.jar:/home/sikorski/.m2/repository/org/apache/tomcat/embed/tomcat-embed-el/9.0.68/tomcat-embed-el-9.0.68.jar:/home/sikorski/.m2/repository/org/apache/tomcat/embed/tomcat-embed-websocket/9.0.68/tomcat-embed-websocket-9.0.68.jar:/home/sikorski/.m2/repository/org/springframework/spring-web/5.3.23/spring-web-5.3.23.jar:/home/sikorski/.m2/repository/org/springframework/spring-beans/5.3.23/spring-beans-5.3.23.jar:/home/sikorski/.m2/repository/org/springframework/spring-webmvc/5.3.23/spring-webmvc-5.3.23.jar:/home/sikorski/.m2/repository/org/springframework/spring-aop/5.3.23/spring-aop-5.3.23.jar:/home/sikorski/.m2/repository/org/springframework/spring-expression/5.3.23/spring-expression-5.3.23.jar:/home/sikorski/.m2/repository/org/springframework/kafka/spring-kafka/2.8.10/spring-kafka-2.8.10.jar:/home/sikorski/.m2/repository/org/springframework/spring-context/5.3.23/spring-context-5.3.23.jar:/home/sikorski/.m2/repository/org/springframework/spring-messaging/5.3.23/spring-messaging-5.3.23.jar:/home/sikorski/.m2/repository/org/springframework/spring-tx/5.3.23/spring-tx-5.3.23.jar:/home/sikorski/.m2/repository/org/springframework/retry/spring-retry/1.3.4/spring-retry-1.3.4.jar:/home/sikorski/.m2/repository/org/apache/kafka/kafka-clients/3.1.2/kafka-clients-3.1.2.jar:/home/sikorski/.m2/repository/com/github/luben/zstd-jni/1.5.0-4/zstd-jni-1.5.0-4.jar:/home/sikorski/.m2/repository/org/lz4/lz4-java/1.8.0/lz4-java-1.8.0.jar:/home/sikorski/.m2/repository/com/google/code/findbugs/jsr305/3.0.2/jsr305-3.0.2.jar:/home/sikorski/.m2/repository/org/springframework/data/spring-data-solr/4.3.15/spring-data-solr-4.3.15.jar:/home/sikorski/.m2/repository/org/springframework/data/spring-data-commons/2.7.5/spring-data-commons-2.7.5.jar:/home/sikorski/.m2/repository/org/apache/commons/commons-lang3/3.12.0/commons-lang3-3.12.0.jar:/home/sikorski/.m2/repository/org/apache/solr/solr-solrj/8.11.2/solr-solrj-8.11.2.jar:/home/sikorski/.m2/repository/com/fasterxml/woodstox/woodstox-core/6.2.4/woodstox-core-6.2.4.jar:/home/sikorski/.m2/repository/com/fasterxml/jackson/core/jackson-databind/2.13.4.2/jackson-databind-2.13.4.2.jar:/home/sikorski/.m2/repository/org/slf4j/slf4j-api/1.7.36/slf4j-api-1.7.36.jar:/home/sikorski/.m2/repository/org/apache/solr/solr-core/8.8.1/solr-core-8.8.1.jar:/home/sikorski/.m2/repository/org/apache/lucene/lucene-analyzers-common/8.8.1/lucene-analyzers-common-8.8.1.jar:/home/sikorski/.m2/repository/org/apache/lucene/lucene-analyzers-kuromoji/8.8.1/lucene-analyzers-kuromoji-8.8.1.jar:/home/sikorski/.m2/repository/org/apache/lucene/lucene-analyzers-nori/8.8.1/lucene-analyzers-nori-8.8.1.jar:/home/sikorski/.m2/repository/org/apache/lucene/lucene-analyzers-phonetic/8.8.1/lucene-analyzers-phonetic-8.8.1.jar:/home/sikorski/.m2/repository/org/apache/lucene/lucene-backward-codecs/8.8.1/lucene-backward-codecs-8.8.1.jar:/home/sikorski/.m2/repository/org/apache/lucene/lucene-classification/8.8.1/lucene-classification-8.8.1.jar:/home/sikorski/.m2/repository/org/apache/lucene/lucene-codecs/8.8.1/lucene-codecs-8.8.1.jar:/home/sikorski/.m2/repository/org/apache/lucene/lucene-core/8.8.1/lucene-core-8.8.1.jar:/home/sikorski/.m2/repository/org/apache/lucene/lucene-expressions/8.8.1/lucene-expressions-8.8.1.jar:/home/sikorski/.m2/repository/org/apache/lucene/lucene-grouping/8.8.1/lucene-grouping-8.8.1.jar:/home/sikorski/.m2/repository/org/apache/lucene/lucene-highlighter/8.8.1/lucene-highlighter-8.8.1.jar:/home/sikorski/.m2/repository/org/apache/lucene/lucene-join/8.8.1/lucene-join-8.8.1.jar:/home/sikorski/.m2/repository/org/apache/lucene/lucene-memory/8.8.1/lucene-memory-8.8.1.jar:/home/sikorski/.m2/repository/org/apache/lucene/lucene-misc/8.8.1/lucene-misc-8.8.1.jar:/home/sikorski/.m2/repository/org/apache/lucene/lucene-queries/8.8.1/lucene-queries-8.8.1.jar:/home/sikorski/.m2/repository/org/apache/lucene/lucene-queryparser/8.8.1/lucene-queryparser-8.8.1.jar:/home/sikorski/.m2/repository/org/apache/lucene/lucene-sandbox/8.8.1/lucene-sandbox-8.8.1.jar:/home/sikorski/.m2/repository/org/apache/lucene/lucene-spatial-extras/8.8.1/lucene-spatial-extras-8.8.1.jar:/home/sikorski/.m2/repository/org/apache/lucene/lucene-spatial3d/8.8.1/lucene-spatial3d-8.8.1.jar:/home/sikorski/.m2/repository/org/apache/lucene/lucene-suggest/8.8.1/lucene-suggest-8.8.1.jar:/home/sikorski/.m2/repository/com/carrotsearch/hppc/0.8.1/hppc-0.8.1.jar:/home/sikorski/.m2/repository/com/fasterxml/jackson/core/jackson-annotations/2.13.4/jackson-annotations-2.13.4.jar:/home/sikorski/.m2/repository/com/fasterxml/jackson/core/jackson-core/2.13.4/jackson-core-2.13.4.jar:/home/sikorski/.m2/repository/com/fasterxml/jackson/dataformat/jackson-dataformat-smile/2.13.4/jackson-dataformat-smile-2.13.4.jar:/home/sikorski/.m2/repository/com/github/ben-manes/caffeine/caffeine/2.9.3/caffeine-2.9.3.jar:/home/sikorski/.m2/repository/com/github/zafarkhaja/java-semver/0.9.0/java-semver-0.9.0.jar:/home/sikorski/.m2/repository/com/google/guava/guava/25.1-jre/guava-25.1-jre.jar:/home/sikorski/.m2/repository/com/google/protobuf/protobuf-java/3.11.0/protobuf-java-3.11.0.jar:/home/sikorski/.m2/repository/com/google/re2j/re2j/1.2/re2j-1.2.jar:/home/sikorski/.m2/repository/com/jayway/jsonpath/json-path/2.7.0/json-path-2.7.0.jar:/home/sikorski/.m2/repository/com/lmax/disruptor/3.4.2/disruptor-3.4.2.jar:/home/sikorski/.m2/repository/com/tdunning/t-digest/3.1/t-digest-3.1.jar:/home/sikorski/.m2/repository/commons-cli/commons-cli/1.4/commons-cli-1.4.jar:/home/sikorski/.m2/repository/commons-codec/commons-codec/1.15/commons-codec-1.15.jar:/home/sikorski/.m2/repository/commons-collections/commons-collections/3.2.2/commons-collections-3.2.2.jar:/home/sikorski/.m2/repository/commons-io/commons-io/2.8.0/commons-io-2.8.0.jar:/home/sikorski/.m2/repository/commons-lang/commons-lang/2.6/commons-lang-2.6.jar:/home/sikorski/.m2/repository/io/dropwizard/metrics/metrics-core/4.2.12/metrics-core-4.2.12.jar:/home/sikorski/.m2/repository/io/dropwizard/metrics/metrics-graphite/4.2.12/metrics-graphite-4.2.12.jar:/home/sikorski/.m2/repository/io/dropwizard/metrics/metrics-jetty9/4.2.12/metrics-jetty9-4.2.12.jar:/home/sikorski/.m2/repository/io/dropwizard/metrics/metrics-jmx/4.2.12/metrics-jmx-4.2.12.jar:/home/sikorski/.m2/repository/io/dropwizard/metrics/metrics-jvm/4.2.12/metrics-jvm-4.2.12.jar:/home/sikorski/.m2/repository/io/netty/netty-buffer/4.1.84.Final/netty-buffer-4.1.84.Final.jar:/home/sikorski/.m2/repository/io/netty/netty-codec/4.1.84.Final/netty-codec-4.1.84.Final.jar:/home/sikorski/.m2/repository/io/netty/netty-common/4.1.84.Final/netty-common-4.1.84.Final.jar:/home/sikorski/.m2/repository/io/netty/netty-handler/4.1.84.Final/netty-handler-4.1.84.Final.jar:/home/sikorski/.m2/repository/io/netty/netty-resolver/4.1.84.Final/netty-resolver-4.1.84.Final.jar:/home/sikorski/.m2/repository/io/netty/netty-transport/4.1.84.Final/netty-transport-4.1.84.Final.jar:/home/sikorski/.m2/repository/io/netty/netty-transport-native-epoll/4.1.84.Final/netty-transport-native-epoll-4.1.84.Final.jar:/home/sikorski/.m2/repository/io/netty/netty-transport-classes-epoll/4.1.84.Final/netty-transport-classes-epoll-4.1.84.Final.jar:/home/sikorski/.m2/repository/io/netty/netty-transport-native-unix-common/4.1.84.Final/netty-transport-native-unix-common-4.1.84.Final.jar:/home/sikorski/.m2/repository/io/opentracing/opentracing-api/0.33.0/opentracing-api-0.33.0.jar:/home/sikorski/.m2/repository/io/opentracing/opentracing-noop/0.33.0/opentracing-noop-0.33.0.jar:/home/sikorski/.m2/repository/io/opentracing/opentracing-util/0.33.0/opentracing-util-0.33.0.jar:/home/sikorski/.m2/repository/io/sgr/s2-geometry-library-java/1.0.0/s2-geometry-library-java-1.0.0.jar:/home/sikorski/.m2/repository/javax/servlet/javax.servlet-api/4.0.1/javax.servlet-api-4.0.1.jar:/home/sikorski/.m2/repository/net/hydromatic/eigenbase-properties/1.1.5/eigenbase-properties-1.1.5.jar:/home/sikorski/.m2/repository/org/antlr/antlr4-runtime/4.5.1-1/antlr4-runtime-4.5.1-1.jar:/home/sikorski/.m2/repository/org/apache/calcite/calcite-core/1.18.0/calcite-core-1.18.0.jar:/home/sikorski/.m2/repository/org/apache/calcite/calcite-linq4j/1.18.0/calcite-linq4j-1.18.0.jar:/home/sikorski/.m2/repository/org/apache/calcite/avatica/avatica-core/1.13.0/avatica-core-1.13.0.jar:/home/sikorski/.m2/repository/org/apache/commons/commons-collections4/4.4/commons-collections4-4.4.jar:/home/sikorski/.m2/repository/org/apache/commons/commons-configuration2/2.1.1/commons-configuration2-2.1.1.jar:/home/sikorski/.m2/repository/org/apache/commons/commons-exec/1.3/commons-exec-1.3.jar:/home/sikorski/.m2/repository/org/apache/commons/commons-math3/3.6.1/commons-math3-3.6.1.jar:/home/sikorski/.m2/repository/org/apache/commons/commons-text/1.6/commons-text-1.6.jar:/home/sikorski/.m2/repository/org/apache/curator/curator-client/2.13.0/curator-client-2.13.0.jar:/home/sikorski/.m2/repository/org/apache/curator/curator-framework/2.13.0/curator-framework-2.13.0.jar:/home/sikorski/.m2/repository/org/apache/curator/curator-recipes/2.13.0/curator-recipes-2.13.0.jar:/home/sikorski/.m2/repository/org/apache/hadoop/hadoop-annotations/3.2.0/hadoop-annotations-3.2.0.jar:/home/sikorski/.m2/repository/org/apache/hadoop/hadoop-auth/3.2.0/hadoop-auth-3.2.0.jar:/home/sikorski/.m2/repository/org/apache/hadoop/hadoop-common/3.2.0/hadoop-common-3.2.0.jar:/home/sikorski/.m2/repository/org/apache/hadoop/hadoop-hdfs-client/3.2.0/hadoop-hdfs-client-3.2.0.jar:/home/sikorski/.m2/repository/org/apache/htrace/htrace-core4/4.1.0-incubating/htrace-core4-4.1.0-incubating.jar:/home/sikorski/.m2/repository/org/apache/httpcomponents/httpclient/4.5.13/httpclient-4.5.13.jar:/home/sikorski/.m2/repository/org/apache/httpcomponents/httpcore/4.4.15/httpcore-4.4.15.jar:/home/sikorski/.m2/repository/org/apache/httpcomponents/httpmime/4.5.13/httpmime-4.5.13.jar:/home/sikorski/.m2/repository/org/apache/kerby/kerb-core/1.0.1/kerb-core-1.0.1.jar:/home/sikorski/.m2/repository/org/apache/kerby/kerb-util/1.0.1/kerb-util-1.0.1.jar:/home/sikorski/.m2/repository/org/apache/kerby/kerby-asn1/1.0.1/kerby-asn1-1.0.1.jar:/home/sikorski/.m2/repository/org/apache/kerby/kerby-pkix/1.0.1/kerby-pkix-1.0.1.jar:/home/sikorski/.m2/repository/org/apache/logging/log4j/log4j-1.2-api/2.17.2/log4j-1.2-api-2.17.2.jar:/home/sikorski/.m2/repository/org/apache/logging/log4j/log4j-api/2.17.2/log4j-api-2.17.2.jar:/home/sikorski/.m2/repository/org/apache/logging/log4j/log4j-core/2.17.2/log4j-core-2.17.2.jar:/home/sikorski/.m2/repository/org/apache/logging/log4j/log4j-slf4j-impl/2.17.2/log4j-slf4j-impl-2.17.2.jar:/home/sikorski/.m2/repository/org/apache/logging/log4j/log4j-web/2.17.2/log4j-web-2.17.2.jar:/home/sikorski/.m2/repository/org/apache/zookeeper/zookeeper/3.6.2/zookeeper-3.6.2.jar:/home/sikorski/.m2/repository/org/apache/zookeeper/zookeeper-jute/3.6.2/zookeeper-jute-3.6.2.jar:/home/sikorski/.m2/repository/org/bitbucket/b_c/jose4j/0.6.5/jose4j-0.6.5.jar:/home/sikorski/.m2/repository/org/codehaus/janino/commons-compiler/3.1.8/commons-compiler-3.1.8.jar:/home/sikorski/.m2/repository/org/codehaus/janino/janino/3.1.8/janino-3.1.8.jar:/home/sikorski/.m2/repository/org/codehaus/woodstox/stax2-api/3.1.4/stax2-api-3.1.4.jar:/home/sikorski/.m2/repository/org/codehaus/woodstox/woodstox-core-asl/4.4.1/woodstox-core-asl-4.4.1.jar:/home/sikorski/.m2/repository/org/eclipse/jetty/jetty-alpn-client/9.4.49.v20220914/jetty-alpn-client-9.4.49.v20220914.jar:/home/sikorski/.m2/repository/org/eclipse/jetty/jetty-alpn-java-client/9.4.49.v20220914/jetty-alpn-java-client-9.4.49.v20220914.jar:/home/sikorski/.m2/repository/org/eclipse/jetty/jetty-alpn-java-server/9.4.49.v20220914/jetty-alpn-java-server-9.4.49.v20220914.jar:/home/sikorski/.m2/repository/org/eclipse/jetty/jetty-alpn-server/9.4.49.v20220914/jetty-alpn-server-9.4.49.v20220914.jar:/home/sikorski/.m2/repository/org/eclipse/jetty/jetty-client/9.4.49.v20220914/jetty-client-9.4.49.v20220914.jar:/home/sikorski/.m2/repository/org/eclipse/jetty/jetty-continuation/9.4.49.v20220914/jetty-continuation-9.4.49.v20220914.jar:/home/sikorski/.m2/repository/org/eclipse/jetty/jetty-deploy/9.4.49.v20220914/jetty-deploy-9.4.49.v20220914.jar:/home/sikorski/.m2/repository/org/eclipse/jetty/jetty-http/9.4.49.v20220914/jetty-http-9.4.49.v20220914.jar:/home/sikorski/.m2/repository/org/eclipse/jetty/jetty-io/9.4.49.v20220914/jetty-io-9.4.49.v20220914.jar:/home/sikorski/.m2/repository/org/eclipse/jetty/jetty-jmx/9.4.49.v20220914/jetty-jmx-9.4.49.v20220914.jar:/home/sikorski/.m2/repository/org/eclipse/jetty/jetty-rewrite/9.4.49.v20220914/jetty-rewrite-9.4.49.v20220914.jar:/home/sikorski/.m2/repository/org/eclipse/jetty/jetty-security/9.4.49.v20220914/jetty-security-9.4.49.v20220914.jar:/home/sikorski/.m2/repository/org/eclipse/jetty/jetty-server/9.4.49.v20220914/jetty-server-9.4.49.v20220914.jar:/home/sikorski/.m2/repository/org/eclipse/jetty/jetty-servlet/9.4.49.v20220914/jetty-servlet-9.4.49.v20220914.jar:/home/sikorski/.m2/repository/org/eclipse/jetty/jetty-util-ajax/9.4.49.v20220914/jetty-util-ajax-9.4.49.v20220914.jar:/home/sikorski/.m2/repository/org/eclipse/jetty/jetty-servlets/9.4.49.v20220914/jetty-servlets-9.4.49.v20220914.jar:/home/sikorski/.m2/repository/org/eclipse/jetty/jetty-util/9.4.49.v20220914/jetty-util-9.4.49.v20220914.jar:/home/sikorski/.m2/repository/org/eclipse/jetty/jetty-webapp/9.4.49.v20220914/jetty-webapp-9.4.49.v20220914.jar:/home/sikorski/.m2/repository/org/eclipse/jetty/jetty-xml/9.4.49.v20220914/jetty-xml-9.4.49.v20220914.jar:/home/sikorski/.m2/repository/org/eclipse/jetty/http2/http2-client/9.4.49.v20220914/http2-client-9.4.49.v20220914.jar:/home/sikorski/.m2/repository/org/eclipse/jetty/http2/http2-common/9.4.49.v20220914/http2-common-9.4.49.v20220914.jar:/home/sikorski/.m2/repository/org/eclipse/jetty/http2/http2-hpack/9.4.49.v20220914/http2-hpack-9.4.49.v20220914.jar:/home/sikorski/.m2/repository/org/eclipse/jetty/http2/http2-http-client-transport/9.4.49.v20220914/http2-http-client-transport-9.4.49.v20220914.jar:/home/sikorski/.m2/repository/org/eclipse/jetty/http2/http2-server/9.4.49.v20220914/http2-server-9.4.49.v20220914.jar:/home/sikorski/.m2/repository/org/locationtech/spatial4j/spatial4j/0.7/spatial4j-0.7.jar:/home/sikorski/.m2/repository/org/ow2/asm/asm/8.0.1/asm-8.0.1.jar:/home/sikorski/.m2/repository/org/ow2/asm/asm-commons/8.0.1/asm-commons-8.0.1.jar:/home/sikorski/.m2/repository/org/rrd4j/rrd4j/3.5/rrd4j-3.5.jar:/home/sikorski/.m2/repository/org/slf4j/jcl-over-slf4j/1.7.36/jcl-over-slf4j-1.7.36.jar:/home/sikorski/.m2/repository/org/xerial/snappy/snappy-java/1.1.7.6/snappy-java-1.1.7.6.jar:/home/sikorski/.m2/repository/org/json/json/20210307/json-20210307.jar:/home/sikorski/.m2/repository/org/springframework/boot/spring-boot-starter-test/2.7.5/spring-boot-starter-test-2.7.5.jar:/home/sikorski/.m2/repository/org/springframework/boot/spring-boot-test/2.7.5/spring-boot-test-2.7.5.jar:/home/sikorski/.m2/repository/org/springframework/boot/spring-boot-test-autoconfigure/2.7.5/spring-boot-test-autoconfigure-2.7.5.jar:/home/sikorski/.m2/repository/jakarta/xml/bind/jakarta.xml.bind-api/2.3.3/jakarta.xml.bind-api-2.3.3.jar:/home/sikorski/.m2/repository/jakarta/activation/jakarta.activation-api/1.2.2/jakarta.activation-api-1.2.2.jar:/home/sikorski/.m2/repository/org/assertj/assertj-core/3.22.0/assertj-core-3.22.0.jar:/home/sikorski/.m2/repository/org/hamcrest/hamcrest/2.2/hamcrest-2.2.jar:/home/sikorski/.m2/repository/org/junit/jupiter/junit-jupiter/5.8.2/junit-jupiter-5.8.2.jar:/home/sikorski/.m2/repository/org/junit/jupiter/junit-jupiter-params/5.8.2/junit-jupiter-params-5.8.2.jar:/home/sikorski/.m2/repository/org/junit/jupiter/junit-jupiter-engine/5.8.2/junit-jupiter-engine-5.8.2.jar:/home/sikorski/.m2/repository/org/junit/platform/junit-platform-engine/1.8.2/junit-platform-engine-1.8.2.jar:/home/sikorski/.m2/repository/org/mockito/mockito-core/4.5.1/mockito-core-4.5.1.jar:/home/sikorski/.m2/repository/net/bytebuddy/byte-buddy/1.12.18/byte-buddy-1.12.18.jar:/home/sikorski/.m2/repository/net/bytebuddy/byte-buddy-agent/1.12.18/byte-buddy-agent-1.12.18.jar:/home/sikorski/.m2/repository/org/objenesis/objenesis/3.2/objenesis-3.2.jar:/home/sikorski/.m2/repository/org/mockito/mockito-junit-jupiter/4.5.1/mockito-junit-jupiter-4.5.1.jar:/home/sikorski/.m2/repository/org/skyscreamer/jsonassert/1.5.1/jsonassert-1.5.1.jar:/home/sikorski/.m2/repository/com/vaadin/external/google/android-json/0.0.20131108.vaadin1/android-json-0.0.20131108.vaadin1.jar:/home/sikorski/.m2/repository/org/springframework/spring-core/5.3.23/spring-core-5.3.23.jar:/home/sikorski/.m2/repository/org/springframework/spring-jcl/5.3.23/spring-jcl-5.3.23.jar:/home/sikorski/.m2/repository/org/springframework/spring-test/5.3.23/spring-test-5.3.23.jar:/home/sikorski/.m2/repository/org/xmlunit/xmlunit-core/2.9.0/xmlunit-core-2.9.0.jar:/home/sikorski/.m2/repository/org/springframework/kafka/spring-kafka-test/2.8.10/spring-kafka-test-2.8.10.jar:/home/sikorski/.m2/repository/org/apache/kafka/kafka-clients/3.1.2/kafka-clients-3.1.2-test.jar:/home/sikorski/.m2/repository/org/apache/kafka/kafka-metadata/3.1.2/kafka-metadata-3.1.2.jar:/home/sikorski/.m2/repository/org/apache/kafka/kafka-server-common/3.1.2/kafka-server-common-3.1.2.jar:/home/sikorski/.m2/repository/org/apache/kafka/kafka-raft/3.1.2/kafka-raft-3.1.2.jar:/home/sikorski/.m2/repository/com/yammer/metrics/metrics-core/2.2.0/metrics-core-2.2.0.jar:/home/sikorski/.m2/repository/org/apache/kafka/kafka-streams-test-utils/3.1.2/kafka-streams-test-utils-3.1.2.jar:/home/sikorski/.m2/repository/org/apache/kafka/kafka-streams/3.1.2/kafka-streams-3.1.2.jar:/home/sikorski/.m2/repository/org/rocksdb/rocksdbjni/6.22.1.1/rocksdbjni-6.22.1.1.jar:/home/sikorski/.m2/repository/org/apache/kafka/kafka_2.13/3.1.2/kafka_2.13-3.1.2.jar:/home/sikorski/.m2/repository/org/scala-lang/scala-library/2.13.6/scala-library-2.13.6.jar:/home/sikorski/.m2/repository/org/apache/kafka/kafka-storage/3.1.2/kafka-storage-3.1.2.jar:/home/sikorski/.m2/repository/org/apache/kafka/kafka-storage-api/3.1.2/kafka-storage-api-3.1.2.jar:/home/sikorski/.m2/repository/net/sourceforge/argparse4j/argparse4j/0.7.0/argparse4j-0.7.0.jar:/home/sikorski/.m2/repository/com/fasterxml/jackson/module/jackson-module-scala_2.13/2.13.4/jackson-module-scala_2.13-2.13.4.jar:/home/sikorski/.m2/repository/com/thoughtworks/paranamer/paranamer/2.8/paranamer-2.8.jar:/home/sikorski/.m2/repository/com/fasterxml/jackson/dataformat/jackson-dataformat-csv/2.13.4/jackson-dataformat-csv-2.13.4.jar:/home/sikorski/.m2/repository/net/sf/jopt-simple/jopt-simple/5.0.4/jopt-simple-5.0.4.jar:/home/sikorski/.m2/repository/org/scala-lang/modules/scala-collection-compat_2.13/2.4.4/scala-collection-compat_2.13-2.4.4.jar:/home/sikorski/.m2/repository/org/scala-lang/modules/scala-java8-compat_2.13/1.0.0/scala-java8-compat_2.13-1.0.0.jar:/home/sikorski/.m2/repository/org/scala-lang/scala-reflect/2.13.6/scala-reflect-2.13.6.jar:/home/sikorski/.m2/repository/com/typesafe/scala-logging/scala-logging_2.13/3.9.3/scala-logging_2.13-3.9.3.jar:/home/sikorski/.m2/repository/org/apache/kafka/kafka_2.13/3.1.2/kafka_2.13-3.1.2-test.jar:/home/sikorski/.m2/repository/org/junit/jupiter/junit-jupiter-api/5.8.2/junit-jupiter-api-5.8.2.jar:/home/sikorski/.m2/repository/org/opentest4j/opentest4j/1.2.0/opentest4j-1.2.0.jar:/home/sikorski/.m2/repository/org/junit/platform/junit-platform-commons/1.8.2/junit-platform-commons-1.8.2.jar:/home/sikorski/.m2/repository/org/apiguardian/apiguardian-api/1.1.2/apiguardian-api-1.1.2.jar:"/>
    <property name="sun.cpu.endian" value="little"/>
    <property name="user.home" value="/home/sikorski"/>
    <property name="user.language" value="ru"/>
    <property name="java.specification.vendor" value="Oracle Corporation"/>
    <property name="java.version.date" value="2023-10-17"/>
    <property name="java.home" value="/usr/lib/jvm/java-11-openjdk-amd64"/>
    <property name="file.separator" value="/"/>
    <property name="basedir" value="/home/sikorski/Документы/kafka_container/Spring-Kafka-POC-CVE-2023-34040-main/KafkaToSolr"/>
    <property name="java.vm.compressedOopsMode" value="32-bit"/>
    <property name="line.separator" value="&#10;"/>
    <property name="java.specification.name" value="Java Platform API Specification"/>
    <property name="java.vm.specification.vendor" value="Oracle Corporation"/>
    <property name="java.awt.graphicsenv" value="sun.awt.X11GraphicsEnvironment"/>
    <property name="surefire.real.class.path" value="/home/sikorski/Документы/kafka_container/Spring-Kafka-POC-CVE-2023-34040-main/KafkaToSolr/target/surefire/surefirebooter1570405025231827054.jar"/>
    <property name="sun.management.compiler" value="HotSpot 64-Bit Tiered Compilers"/>
    <property name="java.runtime.version" value="11.0.21+9-post-Debian-1deb10u1"/>
    <property name="user.name" value="sikorski"/>
    <property name="path.separator" value=":"/>
    <property name="os.version" value="4.19.0-25-amd64"/>
    <property name="java.runtime.name" value="OpenJDK Runtime Environment"/>
    <property name="file.encoding" value="UTF-8"/>
    <property name="java.vm.name" value="OpenJDK 64-Bit Server VM"/>
    <property name="localRepository" value="/home/sikorski/.m2/repository"/>
    <property name="java.vendor.url.bug" value="https://bugs.debian.org/openjdk-11"/>
    <property name="java.io.tmpdir" value="/tmp"/>
    <property name="java.version" value="11.0.21"/>
    <property name="user.dir" value="/home/sikorski/Документы/kafka_container/Spring-Kafka-POC-CVE-2023-34040-main/KafkaToSolr"/>
    <property name="os.arch" value="amd64"/>
    <property name="java.vm.specification.name" value="Java Virtual Machine Specification"/>
    <property name="java.awt.printerjob" value="sun.print.PSPrinterJob"/>
    <property name="sun.os.patch.level" value="unknown"/>
    <property name="java.library.path" value="/usr/java/packages/lib:/usr/lib/x86_64-linux-gnu/jni:/lib/x86_64-linux-gnu:/usr/lib/x86_64-linux-gnu:/usr/lib/jni:/lib:/usr/lib"/>
    <property name="java.vm.info" value="mixed mode, sharing"/>
    <property name="java.vendor" value="Debian"/>
    <property name="java.vm.version" value="11.0.21+9-post-Debian-1deb10u1"/>
    <property name="java.specification.maintenance.version" value="2"/>
    <property name="sun.io.unicode.encoding" value="UnicodeLittle"/>
    <property name="java.class.version" value="55.0"/>
  </properties>
  <testcase name="contextLoads" classname="com.example.demo.KafkaToSolrApplicationTests" time="1.534"/>
</testsuite>